Number Dumber/app/build/intermediates/manifest_merge_blame_file/release/manifest-merger-blame-release-report.txt
1<?xml version="1.0" encoding="utf-8"?>
2<manifest xmlns:android="http://schemas.android.com/apk/res/android"
3    package="nitin.sangale.androidgames.numberdumber"
4    android:versionCode="11"
5    android:versionName="2.0" >
6
7    <uses-sdk
8        android:minSdkVersion="14"
8-->src\main\AndroidManifest.xml
9        android:targetSdkVersion="30" />
9-->src\main\AndroidManifest.xml
10
11    <uses-permission android:name="android.permission.WAKE_LOCK" />
11-->src\main\AndroidManifest.xml:24:5-68
11-->src\main\AndroidManifest.xml:24:22-65
12    <uses-permission android:name="android.permission.WRITE_EXTERNAL_STORAGE" />
12-->src\main\AndroidManifest.xml:25:5-80
12-->src\main\AndroidManifest.xml:25:22-78
13    <uses-permission android:name="android.permission.INTERNET" />
13-->src\main\AndroidManifest.xml:26:5-66
13-->src\main\AndroidManifest.xml:26:22-64
14    <uses-permission android:name="android.permission.ACCESS_NETWORK_STATE" />
14-->src\main\AndroidManifest.xml:27:5-78
14-->src\main\AndroidManifest.xml:27:22-76
15
16    <!-- Required by older versions of Google Play services to create GCM registration tokens -->
17    <uses-permission android:name="com.google.android.c2dm.permission.RECEIVE" />
17-->[com.google.android.gms:play-services-gcm:12.0.1] AndroidManifest.xml:23:5-82
17-->[com.google.android.gms:play-services-gcm:12.0.1] AndroidManifest.xml:23:22-79
18
19    <uses-feature
19-->[com.google.android.gms:play-services-maps:12.0.1] AndroidManifest.xml:26:5-28:35
20        android:glEsVersion="0x00020000"
20-->[com.google.android.gms:play-services-maps:12.0.1] AndroidManifest.xml:27:9-41
21        android:required="true" />
21-->[com.google.android.gms:play-services-maps:12.0.1] AndroidManifest.xml:28:9-32
22
23    <permission
23-->[com.google.firebase:firebase-iid:12.0.1] AndroidManifest.xml:28:5-30:47
24        android:name="nitin.sangale.androidgames.numberdumber.permission.C2D_MESSAGE"
24-->[com.google.firebase:firebase-iid:12.0.1] AndroidManifest.xml:29:9-63
25        android:protectionLevel="signature" />
25-->[com.google.firebase:firebase-iid:12.0.1] AndroidManifest.xml:30:9-44
26
27    <uses-permission android:name="nitin.sangale.androidgames.numberdumber.permission.C2D_MESSAGE" />
27-->[com.google.firebase:firebase-iid:12.0.1] AndroidManifest.xml:32:5-79
27-->[com.google.firebase:firebase-iid:12.0.1] AndroidManifest.xml:32:22-76
28
29    <application
29-->src\main\AndroidManifest.xml:6:5-23:19
30        android:name="android.support.multidex.MultiDexApplication"
31        android:allowBackup="true"
31-->src\main\AndroidManifest.xml:6:78-104
32        android:icon="@drawable/icon"
32-->src\main\AndroidManifest.xml:6:18-47
33        android:label="Number Dumber" >
33-->src\main\AndroidManifest.xml:6:48-77
34        <meta-data
34-->src\main\AndroidManifest.xml:7:9-8:68
35            android:name="com.google.android.gms.version"
35-->src\main\AndroidManifest.xml:7:20-65
36            android:value="@integer/google_play_services_version" />
36-->src\main\AndroidManifest.xml:8:12-65
37
38        <activity
38-->src\main\AndroidManifest.xml:9:9-17:20
39            android:name="nitin.sangale.androidgames.numberdumber.NumberDumberGame"
39-->src\main\AndroidManifest.xml:9:19-51
40            android:configChanges="keyboard|keyboardHidden|orientation"
40-->src\main\AndroidManifest.xml:11:19-78
41            android:label="Number Dumber"
41-->src\main\AndroidManifest.xml:10:19-48
42            android:screenOrientation="portrait" >
42-->src\main\AndroidManifest.xml:12:19-55
43            <intent-filter>
43-->src\main\AndroidManifest.xml:13:13-16:29
44                <action android:name="android.intent.action.MAIN" />
44-->src\main\AndroidManifest.xml:14:17-69
44-->src\main\AndroidManifest.xml:14:25-66
45
46                <category android:name="android.intent.category.LAUNCHER" />
46-->src\main\AndroidManifest.xml:15:17-77
46-->src\main\AndroidManifest.xml:15:27-74
47            </intent-filter>
48        </activity>
49        <activity
49-->src\main\AndroidManifest.xml:19:9-21:120
50            android:name="com.google.android.gms.ads.AdActivity"
50-->src\main\AndroidManifest.xml:20:9-61
51            android:configChanges="keyboard|keyboardHidden|orientation|screenLayout|uiMode|screenSize|smallestScreenSize"
51-->src\main\AndroidManifest.xml:21:9-118
52            android:exported="false"
52-->[com.google.android.gms:play-services-ads-lite:12.0.1] AndroidManifest.xml:32:13-37
53            android:theme="@android:style/Theme.Translucent" />
53-->[com.google.android.gms:play-services-ads-lite:12.0.1] AndroidManifest.xml:33:13-61
54
55        <receiver
55-->[com.google.android.gms:play-services-analytics:12.0.1] AndroidManifest.xml:30:9-34:20
56            android:name="com.google.android.gms.analytics.AnalyticsReceiver"
56-->[com.google.android.gms:play-services-analytics:12.0.1] AndroidManifest.xml:31:13-78
57            android:enabled="true"
57-->[com.google.android.gms:play-services-analytics:12.0.1] AndroidManifest.xml:32:13-35
58            android:exported="false" >
58-->[com.google.android.gms:play-services-analytics:12.0.1] AndroidManifest.xml:33:13-37
59        </receiver>
60
61        <service
61-->[com.google.android.gms:play-services-analytics:12.0.1] AndroidManifest.xml:36:9-39:40
62            android:name="com.google.android.gms.analytics.AnalyticsService"
62-->[com.google.android.gms:play-services-analytics:12.0.1] AndroidManifest.xml:37:13-77
63            android:enabled="true"
63-->[com.google.android.gms:play-services-analytics:12.0.1] AndroidManifest.xml:38:13-35
64            android:exported="false" />
64-->[com.google.android.gms:play-services-analytics:12.0.1] AndroidManifest.xml:39:13-37
65        <service
65-->[com.google.android.gms:play-services-analytics:12.0.1] AndroidManifest.xml:40:9-44:72
66            android:name="com.google.android.gms.analytics.AnalyticsJobService"
66-->[com.google.android.gms:play-services-analytics:12.0.1] AndroidManifest.xml:41:13-80
67            android:enabled="true"
67-->[com.google.android.gms:play-services-analytics:12.0.1] AndroidManifest.xml:42:13-35
68            android:exported="false"
68-->[com.google.android.gms:play-services-analytics:12.0.1] AndroidManifest.xml:43:13-37
69            android:permission="android.permission.BIND_JOB_SERVICE" />
69-->[com.google.android.gms:play-services-analytics:12.0.1] AndroidManifest.xml:44:13-69
70
71        <activity
71-->[com.google.android.gms:play-services-appinvite:12.0.1] AndroidManifest.xml:25:9-34:20
72            android:name="com.google.android.gms.appinvite.PreviewActivity"
72-->[com.google.android.gms:play-services-appinvite:12.0.1] AndroidManifest.xml:26:13-76
73            android:exported="true"
73-->[com.google.android.gms:play-services-appinvite:12.0.1] AndroidManifest.xml:27:13-36
74            android:theme="@style/Theme.AppInvite.Preview" >
74-->[com.google.android.gms:play-services-appinvite:12.0.1] AndroidManifest.xml:28:13-59
75            <intent-filter>
75-->[com.google.android.gms:play-services-appinvite:12.0.1] AndroidManifest.xml:29:13-33:29
76                <action android:name="com.google.android.gms.appinvite.ACTION_PREVIEW" />
76-->[com.google.android.gms:play-services-appinvite:12.0.1] AndroidManifest.xml:30:17-90
76-->[com.google.android.gms:play-services-appinvite:12.0.1] AndroidManifest.xml:30:25-87
77
78                <category android:name="android.intent.category.DEFAULT" />
78-->[com.google.android.gms:play-services-appinvite:12.0.1] AndroidManifest.xml:32:17-76
78-->[com.google.android.gms:play-services-appinvite:12.0.1] AndroidManifest.xml:32:27-73
79            </intent-filter>
80        </activity>
81        <activity
81-->[com.google.android.gms:play-services-auth:12.0.1] AndroidManifest.xml:23:9-27:75
82            android:name="com.google.android.gms.auth.api.signin.internal.SignInHubActivity"
82-->[com.google.android.gms:play-services-auth:12.0.1] AndroidManifest.xml:24:13-93
83            android:excludeFromRecents="true"
83-->[com.google.android.gms:play-services-auth:12.0.1] AndroidManifest.xml:25:13-46
84            android:exported="false"
84-->[com.google.android.gms:play-services-auth:12.0.1] AndroidManifest.xml:26:13-37
85            android:theme="@android:style/Theme.Translucent.NoTitleBar" />
85-->[com.google.android.gms:play-services-auth:12.0.1] AndroidManifest.xml:27:13-72
86        <!--
87            Service handling Google Sign-In user revocation. For apps that do not integrate with
88            Google Sign-In, this service will never be started.
89        -->
90        <service
90-->[com.google.android.gms:play-services-auth:12.0.1] AndroidManifest.xml:33:9-36:110
91            android:name="com.google.android.gms.auth.api.signin.RevocationBoundService"
91-->[com.google.android.gms:play-services-auth:12.0.1] AndroidManifest.xml:34:13-89
92            android:exported="true"
92-->[com.google.android.gms:play-services-auth:12.0.1] AndroidManifest.xml:35:13-36
93            android:permission="com.google.android.gms.auth.api.signin.permission.REVOCATION_NOTIFICATION" />
93-->[com.google.android.gms:play-services-auth:12.0.1] AndroidManifest.xml:36:13-107
94
95        <receiver android:name="com.google.android.gms.cast.framework.media.MediaIntentReceiver" />
95-->[com.google.android.gms:play-services-cast-framework:12.0.1] AndroidManifest.xml:8:9-100
95-->[com.google.android.gms:play-services-cast-framework:12.0.1] AndroidManifest.xml:8:19-97
96
97        <service android:name="com.google.android.gms.cast.framework.media.MediaNotificationService" />
97-->[com.google.android.gms:play-services-cast-framework:12.0.1] AndroidManifest.xml:10:9-104
97-->[com.google.android.gms:play-services-cast-framework:12.0.1] AndroidManifest.xml:10:18-101
98        <service android:name="com.google.android.gms.cast.framework.ReconnectionService" />
98-->[com.google.android.gms:play-services-cast-framework:12.0.1] AndroidManifest.xml:11:9-93
98-->[com.google.android.gms:play-services-cast-framework:12.0.1] AndroidManifest.xml:11:18-90
99
100        <activity
100-->[com.google.firebase:firebase-auth:12.0.1] AndroidManifest.xml:23:9-29:75
101            android:name="com.google.firebase.auth.internal.FederatedSignInActivity"
101-->[com.google.firebase:firebase-auth:12.0.1] AndroidManifest.xml:24:13-85
102            android:excludeFromRecents="true"
102-->[com.google.firebase:firebase-auth:12.0.1] AndroidManifest.xml:25:13-46
103            android:exported="true"
103-->[com.google.firebase:firebase-auth:12.0.1] AndroidManifest.xml:26:13-36
104            android:launchMode="singleInstance"
104-->[com.google.firebase:firebase-auth:12.0.1] AndroidManifest.xml:27:13-48
105            android:permission="com.google.firebase.auth.api.gms.permission.LAUNCH_FEDERATED_SIGN_IN"
105-->[com.google.firebase:firebase-auth:12.0.1] AndroidManifest.xml:28:13-102
106            android:theme="@android:style/Theme.Translucent.NoTitleBar" />
106-->[com.google.firebase:firebase-auth:12.0.1] AndroidManifest.xml:29:13-72
107        <activity
107-->[com.google.android.gms:play-services-base:12.0.1] AndroidManifest.xml:23:9-26:75
108            android:name="com.google.android.gms.common.api.GoogleApiActivity"
108-->[com.google.android.gms:play-services-base:12.0.1] AndroidManifest.xml:24:13-79
109            android:exported="false"
109-->[com.google.android.gms:play-services-base:12.0.1] AndroidManifest.xml:25:13-37
110            android:theme="@android:style/Theme.Translucent.NoTitleBar" />
110-->[com.google.android.gms:play-services-base:12.0.1] AndroidManifest.xml:26:13-72
111        <!--
112             FirebaseMessagingService performs security checks at runtime,
113             no need for explicit permissions despite exported="true"
114        -->
115        <service
115-->[com.google.firebase:firebase-messaging:12.0.1] AndroidManifest.xml:28:9-34:19
116            android:name="com.google.firebase.messaging.FirebaseMessagingService"
116-->[com.google.firebase:firebase-messaging:12.0.1] AndroidManifest.xml:29:13-82
117            android:exported="true" >
117-->[com.google.firebase:firebase-messaging:12.0.1] AndroidManifest.xml:30:13-36
118            <intent-filter android:priority="-500" >
118-->[com.google.firebase:firebase-messaging:12.0.1] AndroidManifest.xml:31:13-33:29
118-->[com.google.firebase:firebase-messaging:12.0.1] AndroidManifest.xml:31:28-51
119                <action android:name="com.google.firebase.MESSAGING_EVENT" />
119-->[com.google.firebase:firebase-messaging:12.0.1] AndroidManifest.xml:32:17-78
119-->[com.google.firebase:firebase-messaging:12.0.1] AndroidManifest.xml:32:25-75
120            </intent-filter>
121        </service>
122        <service
122-->[com.google.android.gms:play-services-tagmanager-api:12.0.1] AndroidManifest.xml:27:9-30:40
123            android:name="com.google.android.gms.tagmanager.TagManagerService"
123-->[com.google.android.gms:play-services-tagmanager-api:12.0.1] AndroidManifest.xml:28:13-79
124            android:enabled="true"
124-->[com.google.android.gms:play-services-tagmanager-api:12.0.1] AndroidManifest.xml:29:13-35
125            android:exported="false" />
125-->[com.google.android.gms:play-services-tagmanager-api:12.0.1] AndroidManifest.xml:30:13-37
126
127        <activity
127-->[com.google.android.gms:play-services-tagmanager-api:12.0.1] AndroidManifest.xml:32:9-44:20
128            android:name="com.google.android.gms.tagmanager.TagManagerPreviewActivity"
128-->[com.google.android.gms:play-services-tagmanager-api:12.0.1] AndroidManifest.xml:33:13-87
129            android:exported="true"
129-->[com.google.android.gms:play-services-tagmanager-api:12.0.1] AndroidManifest.xml:34:13-36
130            android:noHistory="true" > <!-- optional, removes the previewActivity from the activity stack. -->
130-->[com.google.android.gms:play-services-tagmanager-api:12.0.1] AndroidManifest.xml:35:13-37
131            <intent-filter>
131-->[com.google.android.gms:play-services-tagmanager-api:12.0.1] AndroidManifest.xml:36:13-43:29
132                <data android:scheme="tagmanager.c.nitin.sangale.androidgames.numberdumber" />
132-->[com.google.android.gms:play-services-tagmanager-api:12.0.1] AndroidManifest.xml:37:17-72
132-->[com.google.android.gms:play-services-tagmanager-api:12.0.1] AndroidManifest.xml:37:23-69
133
134                <action android:name="android.intent.action.VIEW" />
134-->[com.google.android.gms:play-services-tagmanager-api:12.0.1] AndroidManifest.xml:39:17-69
134-->[com.google.android.gms:play-services-tagmanager-api:12.0.1] AndroidManifest.xml:39:25-66
135
136                <category android:name="android.intent.category.DEFAULT" />
136-->[com.google.android.gms:play-services-appinvite:12.0.1] AndroidManifest.xml:32:17-76
136-->[com.google.android.gms:play-services-appinvite:12.0.1] AndroidManifest.xml:32:27-73
137                <category android:name="android.intent.category.BROWSABLE" />
137-->[com.google.android.gms:play-services-tagmanager-api:12.0.1] AndroidManifest.xml:42:17-78
137-->[com.google.android.gms:play-services-tagmanager-api:12.0.1] AndroidManifest.xml:42:27-75
138            </intent-filter>
139        </activity>
140
141        <receiver
141-->[com.google.firebase:firebase-analytics:12.0.1] AndroidManifest.xml:28:9-32:20
142            android:name="com.google.android.gms.measurement.AppMeasurementReceiver"
142-->[com.google.firebase:firebase-analytics:12.0.1] AndroidManifest.xml:29:13-85
143            android:enabled="true"
143-->[com.google.firebase:firebase-analytics:12.0.1] AndroidManifest.xml:30:13-35
144            android:exported="false" >
144-->[com.google.firebase:firebase-analytics:12.0.1] AndroidManifest.xml:31:13-37
145        </receiver>
146        <receiver
146-->[com.google.firebase:firebase-analytics:12.0.1] AndroidManifest.xml:33:9-41:20
147            android:name="com.google.android.gms.measurement.AppMeasurementInstallReferrerReceiver"
147-->[com.google.firebase:firebase-analytics:12.0.1] AndroidManifest.xml:34:13-100
148            android:enabled="true"
148-->[com.google.firebase:firebase-analytics:12.0.1] AndroidManifest.xml:35:13-35
149            android:exported="true"
149-->[com.google.firebase:firebase-analytics:12.0.1] AndroidManifest.xml:36:13-36
150            android:permission="android.permission.INSTALL_PACKAGES" >
150-->[com.google.firebase:firebase-analytics:12.0.1] AndroidManifest.xml:37:13-69
151            <intent-filter>
151-->[com.google.firebase:firebase-analytics:12.0.1] AndroidManifest.xml:38:13-40:29
152                <action android:name="com.android.vending.INSTALL_REFERRER" />
152-->[com.google.firebase:firebase-analytics:12.0.1] AndroidManifest.xml:39:17-79
152-->[com.google.firebase:firebase-analytics:12.0.1] AndroidManifest.xml:39:25-76
153            </intent-filter>
154        </receiver>
155
156        <service
156-->[com.google.firebase:firebase-analytics:12.0.1] AndroidManifest.xml:43:9-46:40
157            android:name="com.google.android.gms.measurement.AppMeasurementService"
157-->[com.google.firebase:firebase-analytics:12.0.1] AndroidManifest.xml:44:13-84
158            android:enabled="true"
158-->[com.google.firebase:firebase-analytics:12.0.1] AndroidManifest.xml:45:13-35
159            android:exported="false" />
159-->[com.google.firebase:firebase-analytics:12.0.1] AndroidManifest.xml:46:13-37
160        <service
160-->[com.google.firebase:firebase-analytics:12.0.1] AndroidManifest.xml:47:9-51:72
161            android:name="com.google.android.gms.measurement.AppMeasurementJobService"
161-->[com.google.firebase:firebase-analytics:12.0.1] AndroidManifest.xml:48:13-87
162            android:enabled="true"
162-->[com.google.firebase:firebase-analytics:12.0.1] AndroidManifest.xml:49:13-35
163            android:exported="false"
163-->[com.google.firebase:firebase-analytics:12.0.1] AndroidManifest.xml:50:13-37
164            android:permission="android.permission.BIND_JOB_SERVICE" />
164-->[com.google.firebase:firebase-analytics:12.0.1] AndroidManifest.xml:51:13-69
165
166        <receiver
166-->[com.google.firebase:firebase-iid:12.0.1] AndroidManifest.xml:35:9-44:20
167            android:name="com.google.firebase.iid.FirebaseInstanceIdReceiver"
167-->[com.google.firebase:firebase-iid:12.0.1] AndroidManifest.xml:36:13-78
168            android:exported="true"
168-->[com.google.firebase:firebase-iid:12.0.1] AndroidManifest.xml:37:13-36
169            android:permission="com.google.android.c2dm.permission.SEND" >
169-->[com.google.firebase:firebase-iid:12.0.1] AndroidManifest.xml:38:13-73
170            <intent-filter>
170-->[com.google.firebase:firebase-iid:12.0.1] AndroidManifest.xml:39:13-43:29
171                <action android:name="com.google.android.c2dm.intent.RECEIVE" />
171-->[com.google.firebase:firebase-iid:12.0.1] AndroidManifest.xml:40:17-81
171-->[com.google.firebase:firebase-iid:12.0.1] AndroidManifest.xml:40:25-78
172
173                <category android:name="nitin.sangale.androidgames.numberdumber" />
173-->[com.google.firebase:firebase-iid:12.0.1] AndroidManifest.xml:42:17-61
173-->[com.google.firebase:firebase-iid:12.0.1] AndroidManifest.xml:42:27-58
174            </intent-filter>
175        </receiver>
176        <!--
177             FirebaseInstanceIdService performs security checks at runtime,
178             no need for explicit permissions despite exported="true"
179        -->
180        <service
180-->[com.google.firebase:firebase-iid:12.0.1] AndroidManifest.xml:50:9-56:19
181            android:name="com.google.firebase.iid.FirebaseInstanceIdService"
181-->[com.google.firebase:firebase-iid:12.0.1] AndroidManifest.xml:51:13-77
182            android:exported="true" >
182-->[com.google.firebase:firebase-iid:12.0.1] AndroidManifest.xml:52:13-36
183            <intent-filter android:priority="-500" >
183-->[com.google.firebase:firebase-iid:12.0.1] AndroidManifest.xml:53:13-55:29
183-->[com.google.firebase:firebase-iid:12.0.1] AndroidManifest.xml:53:28-51
184                <action android:name="com.google.firebase.INSTANCE_ID_EVENT" />
184-->[com.google.firebase:firebase-iid:12.0.1] AndroidManifest.xml:54:17-80
184-->[com.google.firebase:firebase-iid:12.0.1] AndroidManifest.xml:54:25-77
185            </intent-filter>
186        </service>
187
188        <provider
188-->[com.google.firebase:firebase-common:12.0.1] AndroidManifest.xml:8:9-12:39
189            android:name="com.google.firebase.provider.FirebaseInitProvider"
189-->[com.google.firebase:firebase-common:12.0.1] AndroidManifest.xml:9:13-77
190            android:authorities="nitin.sangale.androidgames.numberdumber.firebaseinitprovider"
190-->[com.google.firebase:firebase-common:12.0.1] AndroidManifest.xml:10:13-72
191            android:exported="false"
191-->[com.google.firebase:firebase-common:12.0.1] AndroidManifest.xml:11:13-37
192            android:initOrder="100" />
192-->[com.google.firebase:firebase-common:12.0.1] AndroidManifest.xml:12:13-36
193
194        <meta-data
194-->[com.android.support:mediarouter-v7:26.1.0] AndroidManifest.xml:23:9-25:38
195            android:name="android.support.VERSION"
195-->[com.android.support:mediarouter-v7:26.1.0] AndroidManifest.xml:24:13-51
196            android:value="26.1.0" />
196-->[com.android.support:mediarouter-v7:26.1.0] AndroidManifest.xml:25:13-35
197        <meta-data
197-->[android.arch.lifecycle:runtime:1.0.0] AndroidManifest.xml:25:9-27:47
198            android:name="android.arch.lifecycle.VERSION"
198-->[android.arch.lifecycle:runtime:1.0.0] AndroidManifest.xml:26:13-58
199            android:value="27.0.0-SNAPSHOT" />
199-->[android.arch.lifecycle:runtime:1.0.0] AndroidManifest.xml:27:13-44
200    </application>
201
202</manifest>